<?xml version="1.0" encoding="UTF-8"?>
<testsuite xmlns:xsi="http://www.w3.org/2001/XMLSchema-instance" xsi:noNamespaceSchemaLocation="https://maven.apache.org/surefire/maven-surefire-plugin/xsd/surefire-test-report.xsd" version="3.0.2" name="com.kna.azure.AzureApplicationTests" time="1.288" tests="1" errors="0" skipped="0" failures="0" flakes="0">
  <properties>
[...]
</properties>
  <testcase name="contextLoads" classname="com.kna.azure.AzureApplicationTests" time="0.49">
    <system-out><![CDATA[09:31:05.197 [main] INFO org.springframework.test.context.support.AnnotationConfigContextLoaderUtils -- Could not detect default configuration classes for test class [com.kna.azure.AzureApplicationTests]: AzureApplicationTests does not declare any static, non-private, non-final, nested classes annotated with @Configuration.
09:31:05.284 [main] INFO org.springframework.boot.test.context.SpringBootTestContextBootstrapper -- Found @SpringBootConfiguration com.kna.azure.AzureApplication for test class com.kna.azure.AzureApplicationTests
09:31:05.347 [main] INFO org.springframework.test.context.support.AnnotationConfigContextLoaderUtils -- Could not detect default configuration classes for test class [com.kna.azure.AzureApplicationTests]: AzureApplicationTests does not declare any static, non-private, non-final, nested classes annotated with @Configuration.
09:31:05.348 [main] INFO org.springframework.boot.test.context.SpringBootTestContextBootstrapper -- Found @SpringBootConfiguration com.kna.azure.AzureApplication for test class com.kna.azure.AzureApplicationTests

  .   ____          _            __ _ _
 /\\ / ___'_ __ _ _(_)_ __  __ _ \ \ \ \
( ( )\___ | '_ | '_| | '_ \/ _` | \ \ \ \
 \\/  ___)| |_)| | | | | || (_| |  ) ) ) )
  '  |____| .__|_| |_|_| |_\__, | / / / /
 =========|_|==============|___/=/_/_/_/

 :: Spring Boot ::                (v4.0.6)

2026-05-20T09:31:05.577+07:00  INFO 21096 --- [azure] [           main] com.kna.azure.AzureApplicationTests      : Starting AzureApplicationTests using Java 25.0.2 with PID 21096 (started by Windows in D:\projects\spring-boot-guide\azure)
2026-05-20T09:31:05.579+07:00  INFO 21096 --- [azure] [           main] com.kna.azure.AzureApplicationTests      : No active profile set, falling back to 1 default profile: "default"
2026-05-20T09:31:05.855+07:00  INFO 21096 --- [azure] [           main] com.kna.azure.AzureApplicationTests      : Started AzureApplicationTests in 0.464 seconds (process running for 1.224)
]]></system-out>
    <system-err><![CDATA[Mockito is currently self-attaching to enable the inline-mock-maker. This will no longer work in future releases of the JDK. Please add Mockito as an agent to your build as described in Mockito's documentation: https://javadoc.io/doc/org.mockito/mockito-core/latest/org.mockito/org/mockito/Mockito.html#0.3
WARNING: A Java agent has been loaded dynamically (C:\Users\Windows\.m2\repository\net\bytebuddy\byte-buddy-agent\1.17.8\byte-buddy-agent-1.17.8.jar)
WARNING: If a serviceability tool is in use, please run with -XX:+EnableDynamicAgentLoading to hide this warning
WARNING: If a serviceability tool is not in use, please run with -Djdk.instrument.traceUsage for more information
WARNING: Dynamic loading of agents will be disallowed by default in a future release
]]></system-err>
  </testcase>
</testsuite>